# JRE version: Java(TM) SE Runtime Environment (8.0_181-b13) (build 1.8.0_181-b13)
# Java VM: Java HotSpot(TM) 64-Bit Server VM (25.181-b13 mixed mode linux-amd64 compressed oops)
Heap:
 PSYoungGen      total 375808K, used 5917K [0x00000000d6f00000, 0x00000000ef380000, 0x0000000100000000)
  eden space 353792K, 0% used [0x00000000d6f00000,0x00000000d6f00000,0x00000000ec880000)
  from space 22016K, 26% used [0x00000000ec880000,0x00000000ece475a8,0x00000000ede00000)
  to   space 18432K, 0% used [0x00000000ee180000,0x00000000ee180000,0x00000000ef380000)
 ParOldGen       total 94720K, used 40304K [0x0000000084c00000, 0x000000008a880000, 0x00000000d6f00000)
  object space 94720K, 42% used [0x0000000084c00000,0x000000008735c090,0x000000008a880000)
 Metaspace       used 71143K, capacity 74857K, committed 75136K, reserved 1114112K
  class space    used 10191K, capacity 10833K, committed 10880K, reserved 1048576K
GC Heap History (10 events):
Event: 11.421 GC heap after
Heap after GC invocations=13 (full 2):
 PSYoungGen      total 173568K, used 10744K [0x00000000d6f00000, 0x00000000e7a80000, 0x0000000100000000)
  eden space 160768K, 0% used [0x00000000d6f00000,0x00000000d6f00000,0x00000000e0c00000)
  from space 12800K, 83% used [0x00000000e0c00000,0x00000000e167e360,0x00000000e1880000)
  to   space 13824K, 0% used [0x00000000e6d00000,0x00000000e6d00000,0x00000000e7a80000)
 ParOldGen       total 74752K, used 20794K [0x0000000084c00000, 0x0000000089500000, 0x00000000d6f00000)
  object space 74752K, 27% used [0x0000000084c00000,0x000000008604eae8,0x0000000089500000)
 Metaspace       used 39046K, capacity 40938K, committed 41088K, reserved 1085440K
  class space    used 5344K, capacity 5718K, committed 5760K, reserved 1048576K
}
Event: 18.730 GC heap before
{Heap before GC invocations=14 (full 2):
 PSYoungGen      total 173568K, used 171512K [0x00000000d6f00000, 0x00000000e7a80000, 0x0000000100000000)
  eden space 160768K, 100% used [0x00000000d6f00000,0x00000000e0c00000,0x00000000e0c00000)
  from space 12800K, 83% used [0x00000000e0c00000,0x00000000e167e360,0x00000000e1880000)
  to   space 13824K, 0% used [0x00000000e6d00000,0x00000000e6d00000,0x00000000e7a80000)
 ParOldGen       total 74752K, used 20794K [0x0000000084c00000, 0x0000000089500000, 0x00000000d6f00000)
  object space 74752K, 27% used [0x0000000084c00000,0x000000008604eae8,0x0000000089500000)
 Metaspace       used 54884K, capacity 57262K, committed 57344K, reserved 1097728K
  class space    used 7750K, capacity 8176K, committed 8192K, reserved 1048576K
Event: 18.752 GC heap after
Heap after GC invocations=14 (full 2):
 PSYoungGen      total 253952K, used 13816K [0x00000000d6f00000, 0x00000000e8380000, 0x0000000100000000)
  eden space 240128K, 0% used [0x00000000d6f00000,0x00000000d6f00000,0x00000000e5980000)
  from space 13824K, 99% used [0x00000000e6d00000,0x00000000e7a7e188,0x00000000e7a80000)
  to   space 19968K, 0% used [0x00000000e5980000,0x00000000e5980000,0x00000000e6d00000)
 ParOldGen       total 74752K, used 33014K [0x0000000084c00000, 0x0000000089500000, 0x00000000d6f00000)
  object space 74752K, 44% used [0x0000000084c00000,0x0000000086c3dbd0,0x0000000089500000)
 Metaspace       used 54884K, capacity 57262K, committed 57344K, reserved 1097728K
  class space    used 7750K, capacity 8176K, committed 8192K, reserved 1048576K
}
Event: 19.199 GC heap before
{Heap before GC invocations=15 (full 2):
 PSYoungGen      total 253952K, used 34282K [0x00000000d6f00000, 0x00000000e8380000, 0x0000000100000000)
  eden space 240128K, 8% used [0x00000000d6f00000,0x00000000d82fc740,0x00000000e5980000)
  from space 13824K, 99% used [0x00000000e6d00000,0x00000000e7a7e188,0x00000000e7a80000)
  to   space 19968K, 0% used [0x00000000e5980000,0x00000000e5980000,0x00000000e6d00000)
 ParOldGen       total 74752K, used 33014K [0x0000000084c00000, 0x0000000089500000, 0x00000000d6f00000)
  object space 74752K, 44% used [0x0000000084c00000,0x0000000086c3dbd0,0x0000000089500000)
 Metaspace       used 56223K, capacity 58901K, committed 59096K, reserved 1099776K
  class space    used 7951K, capacity 8448K, committed 8448K, reserved 1048576K
Event: 19.207 GC heap after
Heap after GC invocations=15 (full 2):
 PSYoungGen      total 260096K, used 1997K [0x00000000d6f00000, 0x00000000ef500000, 0x0000000100000000)
  eden space 240128K, 0% used [0x00000000d6f00000,0x00000000d6f00000,0x00000000e5980000)
  from space 19968K, 10% used [0x00000000e5980000,0x00000000e5b734f8,0x00000000e6d00000)
  to   space 19968K, 0% used [0x00000000ee180000,0x00000000ee180000,0x00000000ef500000)
 ParOldGen       total 74752K, used 38607K [0x0000000084c00000, 0x0000000089500000, 0x00000000d6f00000)
  object space 74752K, 51% used [0x0000000084c00000,0x00000000871b3da0,0x0000000089500000)
 Metaspace       used 56223K, capacity 58901K, committed 59096K, reserved 1099776K
  class space    used 7951K, capacity 8448K, committed 8448K, reserved 1048576K
}
Event: 19.207 GC heap before
{Heap before GC invocations=16 (full 3):
 PSYoungGen      total 260096K, used 1997K [0x00000000d6f00000, 0x00000000ef500000, 0x0000000100000000)
  eden space 240128K, 0% used [0x00000000d6f00000,0x00000000d6f00000,0x00000000e5980000)
  from space 19968K, 10% used [0x00000000e5980000,0x00000000e5b734f8,0x00000000e6d00000)
  to   space 19968K, 0% used [0x00000000ee180000,0x00000000ee180000,0x00000000ef500000)
 ParOldGen       total 74752K, used 38607K [0x0000000084c00000, 0x0000000089500000, 0x00000000d6f00000)
  object space 74752K, 51% used [0x0000000084c00000,0x00000000871b3da0,0x0000000089500000)
 Metaspace       used 56223K, capacity 58901K, committed 59096K, reserved 1099776K
  class space    used 7951K, capacity 8448K, committed 8448K, reserved 1048576K
Event: 19.304 GC heap after
Heap after GC invocations=16 (full 3):
 PSYoungGen      total 260096K, used 0K [0x00000000d6f00000, 0x00000000ef500000, 0x0000000100000000)
  eden space 240128K, 0% used [0x00000000d6f00000,0x00000000d6f00000,0x00000000e5980000)
  from space 19968K, 0% used [0x00000000e5980000,0x00000000e5980000,0x00000000e6d00000)
  to   space 19968K, 0% used [0x00000000ee180000,0x00000000ee180000,0x00000000ef500000)
 ParOldGen       total 94720K, used 31397K [0x0000000084c00000, 0x000000008a880000, 0x00000000d6f00000)
  object space 94720K, 33% used [0x0000000084c00000,0x0000000086aa9420,0x000000008a880000)
 Metaspace       used 56223K, capacity 58901K, committed 59096K, reserved 1099776K
  class space    used 7951K, capacity 8448K, committed 8448K, reserved 1048576K
}
Event: 26.212 GC heap before
{Heap before GC invocations=17 (full 3):
 PSYoungGen      total 260096K, used 240128K [0x00000000d6f00000, 0x00000000ef500000, 0x0000000100000000)
  eden space 240128K, 100% used [0x00000000d6f00000,0x00000000e5980000,0x00000000e5980000)
  from space 19968K, 0% used [0x00000000e5980000,0x00000000e5980000,0x00000000e6d00000)
  to   space 19968K, 0% used [0x00000000ee180000,0x00000000ee180000,0x00000000ef500000)
 ParOldGen       total 94720K, used 31398K [0x0000000084c00000, 0x000000008a880000, 0x00000000d6f00000)
  object space 94720K, 33% used [0x0000000084c00000,0x0000000086aa9a78,0x000000008a880000)
 Metaspace       used 66763K, capacity 70295K, committed 70400K, reserved 1110016K
  class space    used 9557K, capacity 10172K, committed 10240K, reserved 1048576K
Event: 26.239 GC heap after
Heap after GC invocations=17 (full 3):
 PSYoungGen      total 372224K, used 16954K [0x00000000d6f00000, 0x00000000ef380000, 0x0000000100000000)
  eden space 353792K, 0% used [0x00000000d6f00000,0x00000000d6f00000,0x00000000ec880000)
  from space 18432K, 91% used [0x00000000ee180000,0x00000000ef20eb80,0x00000000ef380000)
  to   space 22016K, 0% used [0x00000000ec880000,0x00000000ec880000,0x00000000ede00000)
 ParOldGen       total 94720K, used 31406K [0x0000000084c00000, 0x000000008a880000, 0x00000000d6f00000)
  object space 94720K, 33% used [0x0000000084c00000,0x0000000086aaba78,0x000000008a880000)
 Metaspace       used 66763K, capacity 70295K, committed 70400K, reserved 1110016K
  class space    used 9557K, capacity 10172K, committed 10240K, reserved 1048576K
}
Event: 495.032 GC heap before
{Heap before GC invocations=18 (full 3):
 PSYoungGen      total 372224K, used 370746K [0x00000000d6f00000, 0x00000000ef380000, 0x0000000100000000)
  eden space 353792K, 100% used [0x00000000d6f00000,0x00000000ec880000,0x00000000ec880000)
  from space 18432K, 91% used [0x00000000ee180000,0x00000000ef20eb80,0x00000000ef380000)
  to   space 22016K, 0% used [0x00000000ec880000,0x00000000ec880000,0x00000000ede00000)
 ParOldGen       total 94720K, used 31408K [0x0000000084c00000, 0x000000008a880000, 0x00000000d6f00000)
  object space 94720K, 33% used [0x0000000084c00000,0x0000000086aac038,0x000000008a880000)
 Metaspace       used 71143K, capacity 74857K, committed 75136K, reserved 1114112K
  class space    used 10191K, capacity 10833K, committed 10880K, reserved 1048576K

